<?xml version="1.0" encoding="UTF-8"?>
<!-- Generated by org.testng.reporters.JUnitReportReporter -->
<testsuite hostname="DESKTOP-R2QIAIR" failures="0" tests="3" name="com.tv.jawwy.subscribe.testcases.UaePackagesTest" time="22.679" errors="0" timestamp="2023-04-06T19:22:01 EET" skipped="0">
  <testcase classname="com.tv.jawwy.subscribe.testcases.UaePackagesTest" name="CheckPackage1Info" time="8.226"/>
  <system-out/>
  <testcase classname="com.tv.jawwy.subscribe.testcases.UaePackagesTest" name="CheckPackage3Info" time="7.032"/>
  <system-out/>
  <testcase classname="com.tv.jawwy.subscribe.testcases.UaePackagesTest" name="CheckPackage2Info" time="7.421"/>
  <system-out/>
</testsuite> <!-- com.tv.jawwy.subscribe.testcases.UaePackagesTest -->
