<?xml version="1.0" encoding="UTF-8"?>
<!-- Generated by org.testng.reporters.JUnitReportReporter -->
<testsuite hostname="DESKTOP-R2QIAIR" failures="0" tests="3" name="com.tv.jawwy.subscribe.testcases.MaPackagesTest" time="21.895" errors="0" timestamp="2023-04-06T19:22:01 EET" skipped="0">
  <testcase classname="com.tv.jawwy.subscribe.testcases.MaPackagesTest" name="CheckPackage2Info" time="7.174"/>
  <system-out/>
  <testcase classname="com.tv.jawwy.subscribe.testcases.MaPackagesTest" name="CheckPackage3Info" time="7.428"/>
  <system-out/>
  <testcase classname="com.tv.jawwy.subscribe.testcases.MaPackagesTest" name="CheckPackage1Info" time="7.293"/>
  <system-out/>
</testsuite> <!-- com.tv.jawwy.subscribe.testcases.MaPackagesTest -->
