<?xml version="1.0" encoding="UTF-8"?>
<!-- Generated by org.testng.reporters.JUnitReportReporter -->
<testsuite hostname="DESKTOP-R2QIAIR" failures="0" tests="3" name="com.tv.jawwy.subscribe.testcases.JorPackagesTest" time="26.396" errors="0" timestamp="2023-04-06T19:22:01 EET" skipped="0">
  <testcase classname="com.tv.jawwy.subscribe.testcases.JorPackagesTest" name="CheckPackage3Info" time="8.040"/>
  <system-out/>
  <testcase classname="com.tv.jawwy.subscribe.testcases.JorPackagesTest" name="CheckPackage2Info" time="7.168"/>
  <system-out/>
  <testcase classname="com.tv.jawwy.subscribe.testcases.JorPackagesTest" name="CheckPackage1Info" time="11.188"/>
  <system-out/>
</testsuite> <!-- com.tv.jawwy.subscribe.testcases.JorPackagesTest -->
